            --------------------------------------------------------
                             AMBER SQM VERSION 17
 
                                     By
              Ross C. Walker, Michael F. Crowley, Scott Brozell,
                         Tim Giese, Andreas W. Goetz,
                        Tai-Sung Lee and David A. Case
 
            --------------------------------------------------------
 

--------------------------------------------------------------------------------
  QM CALCULATION INFO
--------------------------------------------------------------------------------

| QMMM: Citation for AMBER QMMM Run:
| QMMM: R.C. Walker, M.F. Crowley and D.A. Case, J. COMP. CHEM. 29:1019, 2008

QMMM: SINGLET STATE CALCULATION
QMMM: RHF CALCULATION, NO. OF DOUBLY OCCUPIED LEVELS = 87

| QMMM: *** Selected Hamiltonian *** 
| QMMM: AM1         

| QMMM: *** Parameter sets in use ***
| QMMM: P : M.J.S.DEWAR et al. THEOCHEM, 187,1, (1989)
| QMMM: C : M.J.S.DEWAR et al. JACS, 107, 3902, (1985)
| QMMM: O : M.J.S.DEWAR et al. JACS, 107, 3902, (1985)
| QMMM: N : M.J.S.DEWAR et al. JACS, 107, 3902, (1985)
| QMMM: H : M.J.S.DEWAR et al. JACS, 107, 3902, (1985)

| QMMM: *** SCF convergence criteria ***
| QMMM: Energy change                :  0.1D-09 kcal/mol
| QMMM: Error matrix |FP-PF|         :  0.1D+00 au
| QMMM: Density matrix change        :  0.5D-06
| QMMM: Maximum number of SCF cycles :     1000

| QMMM: *** Diagonalization Routine Information ***
| QMMM: Pseudo diagonalizations are allowed.
| QMMM: Auto diagonalization routine selection is in use.
| QMMM:
| QMMM: Timing diagonalization routines:
| QMMM:                              norbs =      136
| QMMM:    diag iterations used for timing =       10
| QMMM:
| QMMM:              Internal diag routine = 0.055219 seconds
| QMMM:                 Dspev diag routine = 0.071674 seconds
| QMMM:                Dspevd diag routine = 0.053816 seconds
| QMMM:                Dspevx diag routine = 0.196887 seconds
| QMMM:                 Dsyev diag routine = 0.080090 seconds
| QMMM:                Dsyevd diag routine = 0.062489 seconds
| QMMM:                Dsyevr diag routine = 0.059145 seconds
| QMMM:
| QMMM:                Pseudo diag routine = 0.025055 seconds
| QMMM:
| QMMM: Using dspevd routine (diag_routine=3).

  QMMM: QM Region Cartesian Coordinates (*=link atom) 
  QMMM: QM_NO.   MM_NO.  ATOM         X         Y         Z
  QMMM:     1        1      P       48.3780  -20.5450  -12.8170
  QMMM:     2        2      P       47.3350  -23.1960  -12.3400
  QMMM:     3        3      P       46.1280  -23.1010   -9.8140
  QMMM:     4        4      C       50.7110  -21.7690  -13.2310
  QMMM:     5        5      O       49.9180  -20.5840  -13.3100
  QMMM:     6        6      C       52.2030  -21.4340  -13.2710
  QMMM:     7        7      O       52.4080  -20.1490  -13.8710
  QMMM:     8        8      C       52.8400  -21.4040  -11.8810
  QMMM:     9        9      O       53.8420  -22.4310  -11.7630
  QMMM:    10       10      C       53.4460  -20.0150  -11.7450
  QMMM:    11       11      O       54.7770  -20.0620  -11.2100
  QMMM:    12       12      C       53.4140  -19.4270  -13.1550
  QMMM:    13       13      N       55.0940  -14.4360  -12.9330
  QMMM:    14       14      O       47.6680  -19.4750  -13.6090
  QMMM:    15       15      O       48.4560  -24.2280  -12.2560
  QMMM:    16       16      O       46.3360  -24.5920   -9.9390
  QMMM:    17       17      C       55.8010  -15.5790  -12.9700
  QMMM:    18       18      O       48.3590  -20.4410  -11.3100
  QMMM:    19       19      O       45.9500  -23.6070  -12.7850
  QMMM:    20       20      O       46.5980  -22.5370   -8.4940
  QMMM:    21       21      N       55.2420  -16.8020  -13.0290
  QMMM:    22       22      O       47.7280  -21.9490  -13.2950
  QMMM:    23       23      O       47.1440  -22.4930  -10.9030
  QMMM:    24       24      O       44.7810  -22.5930  -10.2760
  QMMM:    25       25      C       53.8960  -16.9510  -13.0520
  QMMM:    26       26      C       53.0590  -15.7420  -13.0110
  QMMM:    27       27      C       53.7430  -14.4330  -12.9470
  QMMM:    28       28      N       53.0270  -13.2810  -12.9050
  QMMM:    29       29      N       51.7830  -16.1540  -13.0450
  QMMM:    30       30      C       51.7990  -17.5090  -13.1000
  QMMM:    31       31      N       53.0540  -17.9880  -13.1040
  QMMM:    32       32      H       50.4730  -22.4050  -14.0580
  QMMM:    33       33      H       50.4970  -22.2610  -12.3050
  QMMM:    34       34      H       52.6650  -22.2090  -13.8450
  QMMM:    35       35      H       52.1270  -21.5930  -11.1050
  QMMM:    36       36      H       54.5170  -22.3050  -12.4480
  QMMM:    37       37      H       52.8970  -19.4090  -11.0550
  QMMM:    38       38      H       55.3390  -20.6000  -11.7890
  QMMM:    39       39      H       54.3710  -19.5100  -13.6270
  QMMM:    40       40      H       56.8310  -15.5150  -12.9520
  QMMM:    41       41      H       52.0430  -13.3120  -12.9170
  QMMM:    42       42      H       53.4920  -12.4140  -12.8630
  QMMM:    43       43      H       50.9530  -18.0990  -13.1340

--------------------------------------------------------------------------------
  RESULTS
--------------------------------------------------------------------------------

      iter         sqm energy              rms gradient
      ----    -------------------    -----------------------
xmin    10     -458.1389 kcal/mol       11.4960 kcal/(mol*A)
xmin    20     -527.4676 kcal/mol        2.2122 kcal/(mol*A)
xmin    30     -537.7130 kcal/mol        1.4725 kcal/(mol*A)
xmin    40     -542.6248 kcal/mol        0.8837 kcal/(mol*A)
xmin    50     -548.4412 kcal/mol        2.5154 kcal/(mol*A)
xmin    60     -555.6804 kcal/mol        1.8472 kcal/(mol*A)
xmin    70     -561.3598 kcal/mol        1.4247 kcal/(mol*A)
xmin    80     -562.3764 kcal/mol        0.8520 kcal/(mol*A)
xmin    90     -564.8390 kcal/mol        1.4457 kcal/(mol*A)
xmin   100     -566.9625 kcal/mol        0.3043 kcal/(mol*A)
xmin   110     -567.0501 kcal/mol        0.0749 kcal/(mol*A)
xmin   120     -567.0588 kcal/mol        0.0603 kcal/(mol*A)
xmin   130     -567.0663 kcal/mol        0.0189 kcal/(mol*A)
xmin   140     -567.0674 kcal/mol        0.0032 kcal/(mol*A)
  ... geometry converged !
 
 Final MO eigenvalues (eV):
 -32.2795  -31.3267  -29.2475  -28.2094  -27.6110  -27.2248  -26.6483  -25.2227
 -24.2690  -24.2580  -23.7581  -22.7156  -22.4765  -21.3244  -21.2887  -20.8792
 -20.7499  -20.6146  -20.3989  -19.9981  -19.6718  -16.2621  -15.2234  -14.3972
 -13.7626  -12.1084  -11.1190  -10.3015   -9.7747   -9.0575   -8.8851   -8.4362
  -8.2881   -7.8224   -7.3147   -7.1633   -7.0428   -6.6903   -6.4575   -6.3011
  -6.1360   -6.0962   -5.5997   -5.4094   -5.1492   -4.9127   -4.8425   -4.5327
  -4.3844   -4.2521   -4.0566   -3.9316   -3.8104   -3.5781   -3.1569   -2.9129
  -2.7178   -2.6642   -2.5889   -2.4782   -2.2187   -2.1012   -1.8634   -1.5689
  -1.3471   -1.1744   -1.0680   -0.8330   -0.6762   -0.4848   -0.3916   -0.3248
  -0.2926   -0.1777   -0.0524    0.0797    0.2590    0.4135    0.4675    0.8776
   1.2029    1.3678    1.4328    1.4917    1.5992    1.8709    1.9585    8.5810
   8.8750   10.6382   10.9145   11.2339   11.5747   11.8854   12.1848   12.2454
  12.4606   12.5344   12.5972   12.8711   13.0023   13.1023   13.1571   13.2320
  13.3874   13.4825   13.7559   13.7599   14.0389   14.1812   14.2331   14.5676
  14.6205   14.6717   14.7629   14.8670   15.0869   15.2943   15.3847   15.4388
  15.5558   15.5877   15.8638   15.9088   16.3167   16.6632   16.8281   17.1356
  17.4183   17.8528   18.8781   19.6661   19.7142   20.0583   20.1630   20.9365


 Heat of formation   =       -567.06745359 kcal/mol  (      -24.58989001 eV)

 Total SCF energy    =    -162194.21654087 kcal/mol  (    -7033.26900572 eV)
 Electronic energy   =   -1155826.97027042 kcal/mol  (   -50120.41846713 eV)
 Core-core repulsion =     993632.75372955 kcal/mol  (    43087.14946141 eV)
 
    Atomic Charges for Step       1 :
  Atom    Element       Mulliken Charge
     1      P                  2.599
     2      P                  2.748
     3      P                  2.588
     4      C                  0.001
     5      O                 -0.757
     6      C                 -0.019
     7      O                 -0.288
     8      C                 -0.005
     9      O                 -0.405
    10      C                  0.002
    11      O                 -0.354
    12      C                  0.146
    13      N                 -0.252
    14      O                 -1.173
    15      O                 -1.248
    16      O                 -1.228
    17      C                 -0.111
    18      O                 -0.840
    19      O                 -1.213
    20      O                 -1.231
    21      N                 -0.177
    22      O                 -1.194
    23      O                 -1.187
    24      O                 -1.232
    25      C                 -0.004
    26      C                 -0.119
    27      C                 -0.002
    28      N                 -0.285
    29      N                 -0.353
    30      C                 -0.103
    31      N                 -0.185
    32      H                  0.052
    33      H                  0.192
    34      H                  0.092
    35      H                  0.127
    36      H                  0.309
    37      H                  0.142
    38      H                  0.215
    39      H                  0.078
    40      H                  0.133
    41      H                  0.165
    42      H                  0.117
    43      H                  0.262
 Total Mulliken Charge =      -4.000
 
                  X        Y        Z     TOTAL  
  QM DIPOLE  -955.816  413.109  235.583 1067.587
 
 Final Structure

  QMMM: QM Region Cartesian Coordinates (*=link atom) 
  QMMM: QM_NO.   MM_NO.  ATOM         X         Y         Z
  QMMM:     1        1      P       47.3825  -20.6294  -12.4819
  QMMM:     2        2      P       48.8566  -23.8177  -11.8435
  QMMM:     3        3      P       47.7580  -26.0440  -11.1219
  QMMM:     4        4      C       49.8485  -20.5224  -13.3513
  QMMM:     5        5      O       48.7027  -19.7977  -13.0250
  QMMM:     6        6      C       51.0811  -20.1478  -12.5208
  QMMM:     7        7      O       51.8983  -19.2030  -13.2502
  QMMM:     8        8      C       50.8437  -19.5408  -11.1263
  QMMM:     9        9      O       50.9567  -20.4995  -10.0957
  QMMM:    10       10      C       51.9811  -18.5043  -10.9467
  QMMM:    11       11      O       52.8583  -18.7888   -9.8759
  QMMM:    12       12      C       52.7714  -18.5505  -12.2990
  QMMM:    13       13      N       56.5642  -15.9842  -14.8974
  QMMM:    14       14      O       46.1895  -20.0117  -13.1020
  QMMM:    15       15      O       49.3540  -22.9072  -10.7608
  QMMM:    16       16      O       49.2285  -25.3964  -11.2840
  QMMM:    17       17      C       56.3428  -17.3032  -14.6879
  QMMM:    18       18      O       47.5006  -20.1806  -10.9220
  QMMM:    19       19      O       49.4791  -23.7372  -13.1921
  QMMM:    20       20      O       47.3433  -26.3364   -9.7171
  QMMM:    21       21      N       55.3209  -17.9329  -14.0443
  QMMM:    22       22      O       47.7009  -22.0827  -12.4531
  QMMM:    23       23      O       47.3750  -24.5370  -11.6467
  QMMM:    24       24      O       47.4383  -27.1384  -12.0873
  QMMM:    25       25      C       54.3934  -17.0852  -13.5425
  QMMM:    26       26      C       54.4995  -15.6033  -13.6917
  QMMM:    27       27      C       55.6214  -15.1142  -14.4048
  QMMM:    28       28      N       55.7576  -13.7113  -14.6522
  QMMM:    29       29      N       53.4424  -14.9957  -13.0312
  QMMM:    30       30      C       52.6875  -15.9873  -12.4839
  QMMM:    31       31      N       53.2298  -17.2714  -12.7746
  QMMM:    32       32      H       50.0992  -20.3041  -14.4295
  QMMM:    33       33      H       49.6657  -21.6448  -13.2110
  QMMM:    34       34      H       51.7002  -21.0857  -12.4037
  QMMM:    35       35      H       49.8454  -19.0314  -11.0666
  QMMM:    36       36      H       50.4011  -21.2761  -10.3400
  QMMM:    37       37      H       51.5773  -17.4767  -10.7461
  QMMM:    38       38      H       52.8698  -19.7484   -9.7563
  QMMM:    39       39      H       53.6766  -19.2209  -12.1721
  QMMM:    40       40      H       57.1141  -17.9784  -15.1040
  QMMM:    41       41      H       55.0651  -13.2168  -14.1217
  QMMM:    42       42      H       56.6690  -13.3923  -14.3835
  QMMM:    43       43      H       48.0321  -20.8010  -10.4204

           --------- Calculation Completed ----------

