            --------------------------------------------------------
                             AMBER SQM VERSION 17
 
                                     By
              Ross C. Walker, Michael F. Crowley, Scott Brozell,
                         Tim Giese, Andreas W. Goetz,
                        Tai-Sung Lee and David A. Case
 
            --------------------------------------------------------
 

--------------------------------------------------------------------------------
  QM CALCULATION INFO
--------------------------------------------------------------------------------

| QMMM: Citation for AMBER QMMM Run:
| QMMM: R.C. Walker, M.F. Crowley and D.A. Case, J. COMP. CHEM. 29:1019, 2008

QMMM: SINGLET STATE CALCULATION
QMMM: RHF CALCULATION, NO. OF DOUBLY OCCUPIED LEVELS = 65

| QMMM: *** Selected Hamiltonian *** 
| QMMM: AM1         

| QMMM: *** Parameter sets in use ***
| QMMM: C : M.J.S.DEWAR et al. JACS, 107, 3902, (1985)
| QMMM: N : M.J.S.DEWAR et al. JACS, 107, 3902, (1985)
| QMMM: O : M.J.S.DEWAR et al. JACS, 107, 3902, (1985)
| QMMM: S : M.J.S.DEWAR et al. INORG. CHEM., 29, 3881, (1990)
| QMMM: H : M.J.S.DEWAR et al. JACS, 107, 3902, (1985)

| QMMM: *** SCF convergence criteria ***
| QMMM: Energy change                :  0.1D-09 kcal/mol
| QMMM: Error matrix |FP-PF|         :  0.1D+00 au
| QMMM: Density matrix change        :  0.5D-06
| QMMM: Maximum number of SCF cycles :     1000

| QMMM: *** Diagonalization Routine Information ***
| QMMM: Pseudo diagonalizations are allowed.
| QMMM: Auto diagonalization routine selection is in use.
| QMMM:
| QMMM: Timing diagonalization routines:
| QMMM:                              norbs =      118
| QMMM:    diag iterations used for timing =       10
| QMMM:
| QMMM:              Internal diag routine = 0.035528 seconds
| QMMM:                 Dspev diag routine = 0.045040 seconds
| QMMM:                Dspevd diag routine = 0.031645 seconds
| QMMM:                Dspevx diag routine = 0.118795 seconds
| QMMM:                 Dsyev diag routine = 0.044237 seconds
| QMMM:                Dsyevd diag routine = 0.037210 seconds
| QMMM:                Dsyevr diag routine = 0.037318 seconds
| QMMM:
| QMMM:                Pseudo diag routine = 0.016870 seconds
| QMMM:
| QMMM: Using dspevd routine (diag_routine=3).

  QMMM: QM Region Cartesian Coordinates (*=link atom) 
  QMMM: QM_NO.   MM_NO.  ATOM         X         Y         Z
  QMMM:     1        1      C       49.6250  -16.1010  -15.7660
  QMMM:     2        2      N       55.8870  -13.8040  -13.7520
  QMMM:     3        3      O       50.7230  -18.4210  -11.7920
  QMMM:     4        4      S       54.8060  -16.1340  -13.5300
  QMMM:     5        5      C       49.2170  -17.2970  -15.1800
  QMMM:     6        6      N       53.9560  -12.4230  -13.7490
  QMMM:     7        7      O       51.7160  -13.9350  -12.8050
  QMMM:     8        8      C       50.6310  -15.3280  -15.1860
  QMMM:     9        9      N       57.4480  -15.5910  -13.6870
  QMMM:    10       10      O       52.3720  -16.9220  -11.8010
  QMMM:    11       11      C       49.8270  -17.7190  -14.0120
  QMMM:    12       12      N       51.3520  -17.4510  -12.2850
  QMMM:    13       13      C       51.2640  -15.7500  -14.0360
  QMMM:    14       14      C       50.8260  -16.9370  -13.4600
  QMMM:    15       15      C       53.7420  -14.7800  -13.5750
  QMMM:    16       16      C       54.5140  -13.6500  -13.6890
  QMMM:    17       17      C       56.1610  -15.0810  -13.6690
  QMMM:    18       18      C       52.3050  -14.8160  -13.4740
  QMMM:    19       19      C       58.7110  -19.4890  -12.9090
  QMMM:    20       20      C       57.5560  -18.9540  -12.0550
  QMMM:    21       21      C       59.3360  -17.4440  -11.8030
  QMMM:    22       22      C       59.1630  -17.3160  -14.0800
  QMMM:    23       23      C       59.6700  -18.2860  -13.0200
  QMMM:    24       24      C       57.8350  -17.4440  -12.0890
  QMMM:    25       25      C       57.7500  -17.0010  -13.5630
  QMMM:    26       26      H       49.1780  -15.7830  -16.6400
  QMMM:    27       27      H       48.4690  -17.8610  -15.6120
  QMMM:    28       28      H       54.5280  -11.6260  -13.8310
  QMMM:    29       29      H       52.9770  -12.3250  -13.7110
  QMMM:    30       30      H       50.9040  -14.4330  -15.6210
  QMMM:    31       31      H       58.1980  -14.9610  -13.7900
  QMMM:    32       32      H       49.5420  -18.6020  -13.5600
  QMMM:    33       33      H       59.1900  -20.3160  -12.4280
  QMMM:    34       34      H       58.3890  -19.8520  -13.8630
  QMMM:    35       35      H       57.5960  -19.3380  -11.0570
  QMMM:    36       36      H       56.5840  -19.2290  -12.4080
  QMMM:    37       37      H       59.7720  -16.4670  -11.8330
  QMMM:    38       38      H       59.6710  -17.7810  -10.8440
  QMMM:    39       39      H       59.7680  -16.4340  -14.1230
  QMMM:    40       40      H       59.1840  -17.7090  -15.0750
  QMMM:    41       41      H       60.6700  -18.6360  -13.1720
  QMMM:    42       42      H       57.2040  -16.8550  -11.4570
  QMMM:    43       43      H       56.9700  -17.4920  -14.1070

--------------------------------------------------------------------------------
  RESULTS
--------------------------------------------------------------------------------

      iter         sqm energy              rms gradient
      ----    -------------------    -----------------------
xmin    10       41.6177 kcal/mol        3.4952 kcal/(mol*A)
xmin    20       39.3910 kcal/mol        1.1838 kcal/(mol*A)
xmin    30       38.9353 kcal/mol        0.2977 kcal/(mol*A)
xmin    40       38.8692 kcal/mol        0.1601 kcal/(mol*A)
xmin    50       38.8078 kcal/mol        0.4261 kcal/(mol*A)
xmin    60       38.7022 kcal/mol        0.2760 kcal/(mol*A)
xmin    70       38.6634 kcal/mol        0.1051 kcal/(mol*A)
xmin    80       38.6570 kcal/mol        0.0257 kcal/(mol*A)
xmin    90       38.6549 kcal/mol        0.0342 kcal/(mol*A)
xmin   100       38.6515 kcal/mol        0.0462 kcal/(mol*A)
xmin   110       38.6470 kcal/mol        0.0459 kcal/(mol*A)
xmin   120       38.6462 kcal/mol        0.0097 kcal/(mol*A)
xmin   130       38.6459 kcal/mol        0.0039 kcal/(mol*A)
xmin   140       38.6459 kcal/mol        0.0017 kcal/(mol*A)
xmin   150       38.6459 kcal/mol        0.0020 kcal/(mol*A)
  ... geometry converged !
 
 Final MO eigenvalues (eV):
 -43.1970  -41.9281  -40.5424  -39.6195  -38.4050  -37.5337  -36.8392  -34.1687
 -33.0372  -32.6718  -31.2149  -30.3719  -29.6947  -28.6505  -27.2359  -25.2095
 -24.6353  -23.5999  -23.1832  -22.4647  -21.3444  -20.9807  -20.2313  -20.0108
 -19.4223  -19.2171  -18.4045  -18.0244  -17.8991  -17.3946  -16.9466  -16.7016
 -16.4382  -16.2818  -16.1865  -15.9945  -15.5601  -15.4200  -14.9546  -14.8644
 -14.3823  -13.9881  -13.9272  -13.6637  -13.4408  -13.0937  -13.0198  -12.7208
 -12.5880  -12.5427  -12.3626  -12.3032  -12.1615  -12.0691  -11.8190  -11.6676
 -11.6511  -11.5997  -11.3778  -10.8345  -10.7266  -10.5947  -10.3964   -9.8819
  -8.3545   -0.9774   -0.5604   -0.3422    0.0725    0.5990    0.7045    0.8775
   1.0949    1.6974    1.8569    2.1309    2.6021    2.8283    2.9163    3.0056
   3.1275    3.2215    3.3191    3.5260    3.5724    3.6516    3.6678    3.7377
   3.7847    3.8186    3.8889    3.9401    4.0678    4.1152    4.1491    4.2455
   4.2689    4.3356    4.3994    4.4649    4.5841    4.6155    4.6206    4.6566
   4.6757    4.7574    4.8080    4.8124    4.8839    5.0634    5.1004    5.5342
   5.7276    5.7957    6.0619    6.5394    6.6326    7.3482

 Heat of formation   =         38.64589630 kcal/mol  (        1.67581182 eV)

 Total SCF energy    =    -101557.44163115 kcal/mol  (    -4403.86113487 eV)
 Electronic energy   =    -740422.85214484 kcal/mol  (   -32107.14418910 eV)
 Core-core repulsion =     638865.41051368 kcal/mol  (    27703.28305423 eV)
 
    Atomic Charges for Step       1 :
  Atom    Element       Mulliken Charge
     1      C                 -0.096
     2      N                 -0.245
     3      O                 -0.361
     4      S                  0.447
     5      C                 -0.129
     6      N                 -0.325
     7      O                 -0.326
     8      C                 -0.118
     9      N                 -0.252
    10      O                 -0.339
    11      C                 -0.078
    12      N                  0.570
    13      C                 -0.067
    14      C                 -0.090
    15      C                 -0.606
    16      C                  0.213
    17      C                 -0.069
    18      C                  0.367
    19      C                 -0.162
    20      C                 -0.158
    21      C                 -0.165
    22      C                 -0.157
    23      C                 -0.120
    24      C                 -0.146
    25      C                 -0.005
    26      H                  0.146
    27      H                  0.148
    28      H                  0.235
    29      H                  0.264
    30      H                  0.159
    31      H                  0.221
    32      H                  0.170
    33      H                  0.087
    34      H                  0.086
    35      H                  0.091
    36      H                  0.087
    37      H                  0.088
    38      H                  0.098
    39      H                  0.099
    40      H                  0.096
    41      H                  0.113
    42      H                  0.120
    43      H                  0.108
 Total Mulliken Charge =      -0.000
 
                  X        Y        Z     TOTAL  
  QM DIPOLE     4.734   -4.116   -3.612    7.238
 
 Final Structure

  QMMM: QM Region Cartesian Coordinates (*=link atom) 
  QMMM: QM_NO.   MM_NO.  ATOM         X         Y         Z
  QMMM:     1        1      C       51.1043  -17.3228  -15.9067
  QMMM:     2        2      N       55.7948  -13.7628  -13.0497
  QMMM:     3        3      O       49.2672  -16.4231  -11.4022
  QMMM:     4        4      S       54.5597  -15.8379  -14.0520
  QMMM:     5        5      C       50.2017  -18.0343  -15.1166
  QMMM:     6        6      N       53.9343  -12.2702  -12.6486
  QMMM:     7        7      O       51.4609  -13.5568  -13.2544
  QMMM:     8        8      C       51.7518  -16.2005  -15.3933
  QMMM:     9        9      N       57.2603  -15.5188  -13.8271
  QMMM:    10       10      O       51.1594  -15.5179  -11.2545
  QMMM:    11       11      C       49.9443  -17.6310  -13.8089
  QMMM:    12       12      N       50.3238  -16.1067  -11.8821
  QMMM:    13       13      C       51.5090  -15.7739  -14.0829
  QMMM:    14       14      C       50.6046  -16.5039  -13.2913
  QMMM:    15       15      C       53.5980  -14.5356  -13.5600
  QMMM:    16       16      C       54.4140  -13.4785  -13.0599
  QMMM:    17       17      C       56.0027  -14.9933  -13.5703
  QMMM:    18       18      C       52.1650  -14.5247  -13.5883
  QMMM:    19       19      C       58.7483  -19.5054  -13.1325
  QMMM:    20       20      C       57.5136  -19.0196  -12.3508
  QMMM:    21       21      C       59.2348  -17.3697  -12.1711
  QMMM:    22       22      C       58.7151  -17.4359  -14.5041
  QMMM:    23       23      C       59.5182  -18.2069  -13.4433
  QMMM:    24       24      C       57.6973  -17.4917  -12.2830
  QMMM:    25       25      C       57.4436  -16.9529  -13.7320
  QMMM:    26       26      H       51.3035  -17.6437  -16.9409
  QMMM:    27       27      H       49.6847  -18.9164  -15.5243
  QMMM:    28       28      H       54.5329  -11.6375  -12.1767
  QMMM:    29       29      H       52.9478  -12.1797  -12.5391
  QMMM:    30       30      H       52.4577  -15.6318  -16.0210
  QMMM:    31       31      H       58.0308  -14.9862  -13.4705
  QMMM:    32       32      H       49.2226  -18.1855  -13.1847
  QMMM:    33       33      H       59.3718  -20.1905  -12.5100
  QMMM:    34       34      H       58.4606  -20.0439  -14.0656
  QMMM:    35       35      H       57.4960  -19.4507  -11.3212
  QMMM:    36       36      H       56.5628  -19.2999  -12.8619
  QMMM:    37       37      H       59.6007  -16.3226  -12.2471
  QMMM:    38       38      H       59.6377  -17.8376  -11.2463
  QMMM:    39       39      H       59.3157  -16.5862  -14.9088
  QMMM:    40       40      H       58.4168  -18.0900  -15.3563
  QMMM:    41       41      H       60.5840  -18.3556  -13.7007
  QMMM:    42       42      H       57.1062  -16.9927  -11.4921
  QMMM:    43       43      H       56.5281  -17.4486  -14.1659

           --------- Calculation Completed ----------

